# JRE version: Java(TM) SE Runtime Environment (8.0_45-b15) (build 1.8.0_45-b15)
# Java VM: Java HotSpot(TM) 64-Bit Server VM (25.45-b02 mixed mode windows-amd64 compressed oops)
Heap:
 PSYoungGen      total 108032K, used 55490K [0x00000000f5580000, 0x00000000fdd00000, 0x0000000100000000)
  eden space 81408K, 44% used [0x00000000f5580000,0x00000000f78a9db8,0x00000000fa500000)
  from space 26624K, 73% used [0x00000000fc300000,0x00000000fd606b48,0x00000000fdd00000)
  to   space 28672K, 0% used [0x00000000fa500000,0x00000000fa500000,0x00000000fc100000)
 ParOldGen       total 114688K, used 36943K [0x00000000e0000000, 0x00000000e7000000, 0x00000000f5580000)
  object space 114688K, 32% used [0x00000000e0000000,0x00000000e2413cb8,0x00000000e7000000)
 Metaspace       used 81917K, capacity 88802K, committed 88960K, reserved 1126400K
  class space    used 9983K, capacity 12038K, committed 12160K, reserved 1048576K
GC Heap History (10 events):
Event: 178.765 GC heap before
{Heap before GC invocations=13 (full 3):
 PSYoungGen      total 102400K, used 100971K [0x00000000f5580000, 0x00000000fe080000, 0x0000000100000000)
  eden space 79360K, 100% used [0x00000000f5580000,0x00000000fa300000,0x00000000fa300000)
  from space 23040K, 93% used [0x00000000fa300000,0x00000000fb81af28,0x00000000fb980000)
  to   space 26112K, 0% used [0x00000000fc700000,0x00000000fc700000,0x00000000fe080000)
 ParOldGen       total 114688K, used 36903K [0x00000000e0000000, 0x00000000e7000000, 0x00000000f5580000)
  object space 114688K, 32% used [0x00000000e0000000,0x00000000e2409cb8,0x00000000e7000000)
 Metaspace       used 75957K, capacity 82552K, committed 82816K, reserved 1120256K
  class space    used 9504K, capacity 11589K, committed 11648K, reserved 1048576K
Event: 178.792 GC heap after
Heap after GC invocations=13 (full 3):
 PSYoungGen      total 113664K, used 20506K [0x00000000f5580000, 0x00000000fe100000, 0x0000000100000000)
  eden space 87552K, 0% used [0x00000000f5580000,0x00000000f5580000,0x00000000fab00000)
  from space 26112K, 78% used [0x00000000fc700000,0x00000000fdb06a70,0x00000000fe080000)
  to   space 27648K, 0% used [0x00000000fab00000,0x00000000fab00000,0x00000000fc600000)
 ParOldGen       total 114688K, used 36911K [0x00000000e0000000, 0x00000000e7000000, 0x00000000f5580000)
  object space 114688K, 32% used [0x00000000e0000000,0x00000000e240bcb8,0x00000000e7000000)
 Metaspace       used 75957K, capacity 82552K, committed 82816K, reserved 1120256K
  class space    used 9504K, capacity 11589K, committed 11648K, reserved 1048576K
}
Event: 221.858 GC heap before
{Heap before GC invocations=14 (full 3):
 PSYoungGen      total 113664K, used 108058K [0x00000000f5580000, 0x00000000fe100000, 0x0000000100000000)
  eden space 87552K, 100% used [0x00000000f5580000,0x00000000fab00000,0x00000000fab00000)
  from space 26112K, 78% used [0x00000000fc700000,0x00000000fdb06a70,0x00000000fe080000)
  to   space 27648K, 0% used [0x00000000fab00000,0x00000000fab00000,0x00000000fc600000)
 ParOldGen       total 114688K, used 36911K [0x00000000e0000000, 0x00000000e7000000, 0x00000000f5580000)
  object space 114688K, 32% used [0x00000000e0000000,0x00000000e240bcb8,0x00000000e7000000)
 Metaspace       used 77293K, capacity 83934K, committed 84224K, reserved 1122304K
  class space    used 9603K, capacity 11667K, committed 11776K, reserved 1048576K
Event: 221.889 GC heap after
Heap after GC invocations=14 (full 3):
 PSYoungGen      total 115200K, used 17452K [0x00000000f5580000, 0x00000000fe880000, 0x0000000100000000)
  eden space 87552K, 0% used [0x00000000f5580000,0x00000000f5580000,0x00000000fab00000)
  from space 27648K, 63% used [0x00000000fab00000,0x00000000fbc0b230,0x00000000fc600000)
  to   space 27648K, 0% used [0x00000000fcd80000,0x00000000fcd80000,0x00000000fe880000)
 ParOldGen       total 114688K, used 36919K [0x00000000e0000000, 0x00000000e7000000, 0x00000000f5580000)
  object space 114688K, 32% used [0x00000000e0000000,0x00000000e240dcb8,0x00000000e7000000)
 Metaspace       used 77293K, capacity 83934K, committed 84224K, reserved 1122304K
  class space    used 9603K, capacity 11667K, committed 11776K, reserved 1048576K
}
Event: 331.753 GC heap before
{Heap before GC invocations=15 (full 3):
 PSYoungGen      total 115200K, used 105004K [0x00000000f5580000, 0x00000000fe880000, 0x0000000100000000)
  eden space 87552K, 100% used [0x00000000f5580000,0x00000000fab00000,0x00000000fab00000)
  from space 27648K, 63% used [0x00000000fab00000,0x00000000fbc0b230,0x00000000fc600000)
  to   space 27648K, 0% used [0x00000000fcd80000,0x00000000fcd80000,0x00000000fe880000)
 ParOldGen       total 114688K, used 36919K [0x00000000e0000000, 0x00000000e7000000, 0x00000000f5580000)
  object space 114688K, 32% used [0x00000000e0000000,0x00000000e240dcb8,0x00000000e7000000)
 Metaspace       used 78859K, capacity 85716K, committed 85888K, reserved 1124352K
  class space    used 9725K, capacity 11832K, committed 11904K, reserved 1048576K
Event: 331.776 GC heap after
Heap after GC invocations=15 (full 3):
 PSYoungGen      total 104960K, used 19001K [0x00000000f5580000, 0x00000000fe080000, 0x0000000100000000)
  eden space 85504K, 0% used [0x00000000f5580000,0x00000000f5580000,0x00000000fa900000)
  from space 19456K, 97% used [0x00000000fcd80000,0x00000000fe00e638,0x00000000fe080000)
  to   space 28160K, 0% used [0x00000000fa980000,0x00000000fa980000,0x00000000fc500000)
 ParOldGen       total 114688K, used 36927K [0x00000000e0000000, 0x00000000e7000000, 0x00000000f5580000)
  object space 114688K, 32% used [0x00000000e0000000,0x00000000e240fcb8,0x00000000e7000000)
 Metaspace       used 78859K, capacity 85716K, committed 85888K, reserved 1124352K
  class space    used 9725K, capacity 11832K, committed 11904K, reserved 1048576K
}
Event: 489.860 GC heap before
{Heap before GC invocations=16 (full 3):
 PSYoungGen      total 104960K, used 104505K [0x00000000f5580000, 0x00000000fe080000, 0x0000000100000000)
  eden space 85504K, 100% used [0x00000000f5580000,0x00000000fa900000,0x00000000fa900000)
  from space 19456K, 97% used [0x00000000fcd80000,0x00000000fe00e638,0x00000000fe080000)
  to   space 28160K, 0% used [0x00000000fa980000,0x00000000fa980000,0x00000000fc500000)
 ParOldGen       total 114688K, used 36927K [0x00000000e0000000, 0x00000000e7000000, 0x00000000f5580000)
  object space 114688K, 32% used [0x00000000e0000000,0x00000000e240fcb8,0x00000000e7000000)
 Metaspace       used 79874K, capacity 86724K, committed 87040K, reserved 1124352K
  class space    used 9797K, capacity 11906K, committed 12032K, reserved 1048576K
Event: 489.884 GC heap after
Heap after GC invocations=16 (full 3):
 PSYoungGen      total 102912K, used 19009K [0x00000000f5580000, 0x00000000fdf00000, 0x0000000100000000)
  eden space 83456K, 0% used [0x00000000f5580000,0x00000000f5580000,0x00000000fa700000)
  from space 19456K, 97% used [0x00000000fa980000,0x00000000fbc106d8,0x00000000fbc80000)
  to   space 28672K, 0% used [0x00000000fc300000,0x00000000fc300000,0x00000000fdf00000)
 ParOldGen       total 114688K, used 36935K [0x00000000e0000000, 0x00000000e7000000, 0x00000000f5580000)
  object space 114688K, 32% used [0x00000000e0000000,0x00000000e2411cb8,0x00000000e7000000)
 Metaspace       used 79874K, capacity 86724K, committed 87040K, reserved 1124352K
  class space    used 9797K, capacity 11906K, committed 12032K, reserved 1048576K
}
Event: 603.466 GC heap before
{Heap before GC invocations=17 (full 3):
 PSYoungGen      total 102912K, used 102465K [0x00000000f5580000, 0x00000000fdf00000, 0x0000000100000000)
  eden space 83456K, 100% used [0x00000000f5580000,0x00000000fa700000,0x00000000fa700000)
  from space 19456K, 97% used [0x00000000fa980000,0x00000000fbc106d8,0x00000000fbc80000)
  to   space 28672K, 0% used [0x00000000fc300000,0x00000000fc300000,0x00000000fdf00000)
 ParOldGen       total 114688K, used 36935K [0x00000000e0000000, 0x00000000e7000000, 0x00000000f5580000)
  object space 114688K, 32% used [0x00000000e0000000,0x00000000e2411cb8,0x00000000e7000000)
 Metaspace       used 80917K, capacity 87764K, committed 88064K, reserved 1126400K
  class space    used 9877K, capacity 11973K, committed 12032K, reserved 1048576K
Event: 603.492 GC heap after
Heap after GC invocations=17 (full 3):
 PSYoungGen      total 108032K, used 19482K [0x00000000f5580000, 0x00000000fdd00000, 0x0000000100000000)
  eden space 81408K, 0% used [0x00000000f5580000,0x00000000f5580000,0x00000000fa500000)
  from space 26624K, 73% used [0x00000000fc300000,0x00000000fd606b48,0x00000000fdd00000)
  to   space 28672K, 0% used [0x00000000fa500000,0x00000000fa500000,0x00000000fc100000)
 ParOldGen       total 114688K, used 36943K [0x00000000e0000000, 0x00000000e7000000, 0x00000000f5580000)
  object space 114688K, 32% used [0x00000000e0000000,0x00000000e2413cb8,0x00000000e7000000)
 Metaspace       used 80917K, capacity 87764K, committed 88064K, reserved 1126400K
  class space    used 9877K, capacity 11973K, committed 12032K, reserved 1048576K
}

