# JRE version: Java(TM) SE Runtime Environment (8.0_45-b15) (build 1.8.0_45-b15)
# Java VM: Java HotSpot(TM) 64-Bit Server VM (25.45-b02 mixed mode windows-amd64 compressed oops)
Heap:
 PSYoungGen      total 120832K, used 53889K [0x00000000f5580000, 0x00000000fe880000, 0x0000000100000000)
  eden space 115712K, 42% used [0x00000000f5580000,0x00000000f855ef20,0x00000000fc680000)
  from space 5120K, 95% used [0x00000000fca00000,0x00000000fcec16b0,0x00000000fcf00000)
  to   space 17408K, 0% used [0x00000000fd780000,0x00000000fd780000,0x00000000fe880000)
 ParOldGen       total 114688K, used 47497K [0x00000000e0000000, 0x00000000e7000000, 0x00000000f5580000)
  object space 114688K, 41% used [0x00000000e0000000,0x00000000e2e62588,0x00000000e7000000)
 Metaspace       used 93818K, capacity 101164K, committed 101376K, reserved 1136640K
  class space    used 11281K, capacity 13472K, committed 13568K, reserved 1048576K
GC Heap History (10 events):
Event: 790.893 GC heap before
{Heap before GC invocations=41 (full 14):
 PSYoungGen      total 145920K, used 1255K [0x00000000f5580000, 0x0000000100000000, 0x0000000100000000)
  eden space 122880K, 0% used [0x00000000f5580000,0x00000000f5580000,0x00000000fcd80000)
  from space 23040K, 5% used [0x00000000fcd80000,0x00000000fceb9c60,0x00000000fe400000)
  to   space 22528K, 0% used [0x00000000fea00000,0x00000000fea00000,0x0000000100000000)
 ParOldGen       total 114688K, used 48260K [0x00000000e0000000, 0x00000000e7000000, 0x00000000f5580000)
  object space 114688K, 42% used [0x00000000e0000000,0x00000000e2f21140,0x00000000e7000000)
 Metaspace       used 90812K, capacity 98060K, committed 98304K, reserved 1134592K
  class space    used 10966K, capacity 13037K, committed 13056K, reserved 1048576K
Event: 791.355 GC heap after
Heap after GC invocations=41 (full 14):
 PSYoungGen      total 145920K, used 0K [0x00000000f5580000, 0x0000000100000000, 0x0000000100000000)
  eden space 122880K, 0% used [0x00000000f5580000,0x00000000f5580000,0x00000000fcd80000)
  from space 23040K, 0% used [0x00000000fcd80000,0x00000000fcd80000,0x00000000fe400000)
  to   space 22528K, 0% used [0x00000000fea00000,0x00000000fea00000,0x0000000100000000)
 ParOldGen       total 114688K, used 47465K [0x00000000e0000000, 0x00000000e7000000, 0x00000000f5580000)
  object space 114688K, 41% used [0x00000000e0000000,0x00000000e2e5a588,0x00000000e7000000)
 Metaspace       used 90803K, capacity 98042K, committed 98304K, reserved 1134592K
  class space    used 10964K, capacity 13034K, committed 13056K, reserved 1048576K
}
Event: 857.457 GC heap before
{Heap before GC invocations=42 (full 14):
 PSYoungGen      total 145920K, used 122880K [0x00000000f5580000, 0x0000000100000000, 0x0000000100000000)
  eden space 122880K, 100% used [0x00000000f5580000,0x00000000fcd80000,0x00000000fcd80000)
  from space 23040K, 0% used [0x00000000fcd80000,0x00000000fcd80000,0x00000000fe400000)
  to   space 22528K, 0% used [0x00000000fea00000,0x00000000fea00000,0x0000000100000000)
 ParOldGen       total 114688K, used 47465K [0x00000000e0000000, 0x00000000e7000000, 0x00000000f5580000)
  object space 114688K, 41% used [0x00000000e0000000,0x00000000e2e5a588,0x00000000e7000000)
 Metaspace       used 91080K, capacity 98278K, committed 98688K, reserved 1134592K
  class space    used 10972K, capacity 13068K, committed 13184K, reserved 1048576K
Event: 857.463 GC heap after
Heap after GC invocations=42 (full 14):
 PSYoungGen      total 144896K, used 1694K [0x00000000f5580000, 0x00000000ffb80000, 0x0000000100000000)
  eden space 126976K, 0% used [0x00000000f5580000,0x00000000f5580000,0x00000000fd180000)
  from space 17920K, 9% used [0x00000000fea00000,0x00000000feba78d0,0x00000000ffb80000)
  to   space 21504K, 0% used [0x00000000fd180000,0x00000000fd180000,0x00000000fe680000)
 ParOldGen       total 114688K, used 47473K [0x00000000e0000000, 0x00000000e7000000, 0x00000000f5580000)
  object space 114688K, 41% used [0x00000000e0000000,0x00000000e2e5c588,0x00000000e7000000)
 Metaspace       used 91080K, capacity 98278K, committed 98688K, reserved 1134592K
  class space    used 10972K, capacity 13068K, committed 13184K, reserved 1048576K
}
Event: 1087.608 GC heap before
{Heap before GC invocations=43 (full 14):
 PSYoungGen      total 144896K, used 128670K [0x00000000f5580000, 0x00000000ffb80000, 0x0000000100000000)
  eden space 126976K, 100% used [0x00000000f5580000,0x00000000fd180000,0x00000000fd180000)
  from space 17920K, 9% used [0x00000000fea00000,0x00000000feba78d0,0x00000000ffb80000)
  to   space 21504K, 0% used [0x00000000fd180000,0x00000000fd180000,0x00000000fe680000)
 ParOldGen       total 114688K, used 47473K [0x00000000e0000000, 0x00000000e7000000, 0x00000000f5580000)
  object space 114688K, 41% used [0x00000000e0000000,0x00000000e2e5c588,0x00000000e7000000)
 Metaspace       used 91331K, capacity 98470K, committed 98688K, reserved 1134592K
  class space    used 10972K, capacity 13068K, committed 13184K, reserved 1048576K
Event: 1087.615 GC heap after
Heap after GC invocations=43 (full 14):
 PSYoungGen      total 125440K, used 2439K [0x00000000f5580000, 0x00000000ff580000, 0x0000000100000000)
  eden space 122880K, 0% used [0x00000000f5580000,0x00000000f5580000,0x00000000fcd80000)
  from space 2560K, 95% used [0x00000000fd180000,0x00000000fd3e1c60,0x00000000fd400000)
  to   space 20480K, 0% used [0x00000000fe180000,0x00000000fe180000,0x00000000ff580000)
 ParOldGen       total 114688K, used 47481K [0x00000000e0000000, 0x00000000e7000000, 0x00000000f5580000)
  object space 114688K, 41% used [0x00000000e0000000,0x00000000e2e5e588,0x00000000e7000000)
 Metaspace       used 91331K, capacity 98470K, committed 98688K, reserved 1134592K
  class space    used 10972K, capacity 13068K, committed 13184K, reserved 1048576K
}
Event: 1540.753 GC heap before
{Heap before GC invocations=44 (full 14):
 PSYoungGen      total 125440K, used 125319K [0x00000000f5580000, 0x00000000ff580000, 0x0000000100000000)
  eden space 122880K, 100% used [0x00000000f5580000,0x00000000fcd80000,0x00000000fcd80000)
  from space 2560K, 95% used [0x00000000fd180000,0x00000000fd3e1c60,0x00000000fd400000)
  to   space 20480K, 0% used [0x00000000fe180000,0x00000000fe180000,0x00000000ff580000)
 ParOldGen       total 114688K, used 47481K [0x00000000e0000000, 0x00000000e7000000, 0x00000000f5580000)
  object space 114688K, 41% used [0x00000000e0000000,0x00000000e2e5e588,0x00000000e7000000)
 Metaspace       used 92108K, capacity 99162K, committed 99456K, reserved 1136640K
  class space    used 11052K, capacity 13168K, committed 13184K, reserved 1048576K
Event: 1540.771 GC heap after
Heap after GC invocations=44 (full 14):
 PSYoungGen      total 133120K, used 4823K [0x00000000f5580000, 0x00000000fef00000, 0x0000000100000000)
  eden space 119296K, 0% used [0x00000000f5580000,0x00000000f5580000,0x00000000fca00000)
  from space 13824K, 34% used [0x00000000fe180000,0x00000000fe635e80,0x00000000fef00000)
  to   space 18944K, 0% used [0x00000000fca00000,0x00000000fca00000,0x00000000fdc80000)
 ParOldGen       total 114688K, used 47489K [0x00000000e0000000, 0x00000000e7000000, 0x00000000f5580000)
  object space 114688K, 41% used [0x00000000e0000000,0x00000000e2e60588,0x00000000e7000000)
 Metaspace       used 92108K, capacity 99162K, committed 99456K, reserved 1136640K
  class space    used 11052K, capacity 13168K, committed 13184K, reserved 1048576K
}
Event: 1632.393 GC heap before
{Heap before GC invocations=45 (full 14):
 PSYoungGen      total 133120K, used 124119K [0x00000000f5580000, 0x00000000fef00000, 0x0000000100000000)
  eden space 119296K, 100% used [0x00000000f5580000,0x00000000fca00000,0x00000000fca00000)
  from space 13824K, 34% used [0x00000000fe180000,0x00000000fe635e80,0x00000000fef00000)
  to   space 18944K, 0% used [0x00000000fca00000,0x00000000fca00000,0x00000000fdc80000)
 ParOldGen       total 114688K, used 47489K [0x00000000e0000000, 0x00000000e7000000, 0x00000000f5580000)
  object space 114688K, 41% used [0x00000000e0000000,0x00000000e2e60588,0x00000000e7000000)
 Metaspace       used 92843K, capacity 100088K, committed 100352K, reserved 1136640K
  class space    used 11141K, capacity 13305K, committed 13312K, reserved 1048576K
Event: 1632.403 GC heap after
Heap after GC invocations=45 (full 14):
 PSYoungGen      total 120832K, used 4869K [0x00000000f5580000, 0x00000000fe880000, 0x0000000100000000)
  eden space 115712K, 0% used [0x00000000f5580000,0x00000000f5580000,0x00000000fc680000)
  from space 5120K, 95% used [0x00000000fca00000,0x00000000fcec16b0,0x00000000fcf00000)
  to   space 17408K, 0% used [0x00000000fd780000,0x00000000fd780000,0x00000000fe880000)
 ParOldGen       total 114688K, used 47497K [0x00000000e0000000, 0x00000000e7000000, 0x00000000f5580000)
  object space 114688K, 41% used [0x00000000e0000000,0x00000000e2e62588,0x00000000e7000000)
 Metaspace       used 92843K, capacity 100088K, committed 100352K, reserved 1136640K
  class space    used 11141K, capacity 13305K, committed 13312K, reserved 1048576K
}

